<?xml version="1.0" encoding="UTF-8"?>
<!-- Generated by org.testng.reporters.JUnitReportReporter -->
<testsuite hostname="L7KSURYAW" name="com.appdirect.qe.appdirectintegration.tests.SignUpAllLinks" tests="1" failures="0" timestamp="18 May 2015 20:38:59 GMT" time="80.761" errors="0">
  <testcase name="testSignupPageLinks" time="80.761" classname="com.appdirect.qe.appdirectintegration.tests.SignUpAllLinks"/>
</testsuite> <!-- com.appdirect.qe.appdirectintegration.tests.SignUpAllLinks -->
