<?xml version="1.0" encoding="UTF-8"?>
<!-- Generated by org.testng.reporters.JUnitReportReporter -->
<testsuite hostname="L7KSURYAW" name="com.appdirect.qe.appdirectintegration.AppDirectNegative" tests="3" failures="0" timestamp="18 May 2015 03:21:17 GMT" time="30.450" errors="0">
  <testcase name="testErrorScenarios" time="0.386" classname="com.appdirect.qe.appdirectintegration.AppDirectNegative"/>
  <testcase name="testErrorScenarios" time="0.019" classname="com.appdirect.qe.appdirectintegration.AppDirectNegative"/>
  <testcase name="testErrorScenarios" time="30.045" classname="com.appdirect.qe.appdirectintegration.AppDirectNegative"/>
</testsuite> <!-- com.appdirect.qe.appdirectintegration.AppDirectNegative -->
