<?xml version="1.0" encoding="UTF-8"?>
<!-- Generated by org.testng.reporters.JUnitReportReporter -->
<testsuite hostname="L7KSURYAW" name="com.appdirect.qe.appdirectintegration.tests.SampleTest" tests="1" failures="0" timestamp="18 May 2015 19:45:40 GMT" time="11.695" errors="0">
  <testcase name="sampleTest" time="11.695" classname="com.appdirect.qe.appdirectintegration.tests.SampleTest"/>
</testsuite> <!-- com.appdirect.qe.appdirectintegration.tests.SampleTest -->
