<?xml version="1.0" encoding="UTF-8"?>
<!-- Generated by org.testng.reporters.JUnitReportReporter -->
<testsuite hostname="L7KSURYAW" name="com.appdirect.qe.appdirectintegration.tests.SignUpNegative" tests="3" failures="0" timestamp="18 May 2015 20:38:59 GMT" time="101.373" errors="0">
  <testcase name="testErrorScenarios" time="36.290" classname="com.appdirect.qe.appdirectintegration.tests.SignUpNegative"/>
  <testcase name="testErrorScenarios" time="31.277" classname="com.appdirect.qe.appdirectintegration.tests.SignUpNegative"/>
  <testcase name="testErrorScenarios" time="33.806" classname="com.appdirect.qe.appdirectintegration.tests.SignUpNegative"/>
</testsuite> <!-- com.appdirect.qe.appdirectintegration.tests.SignUpNegative -->
