<?xml version="1.0" encoding="UTF-8"?>
<!-- Generated by org.testng.reporters.JUnitReportReporter -->
<testsuite hostname="L7KSURYAW" name="com.appdirect.qe.appdirectintegration.AppDirectTestAllLinks" tests="1" failures="0" timestamp="18 May 2015 03:21:17 GMT" time="139.674" errors="0">
  <testcase name="testSignupPageLinks" time="139.674" classname="com.appdirect.qe.appdirectintegration.AppDirectTestAllLinks"/>
</testsuite> <!-- com.appdirect.qe.appdirectintegration.AppDirectTestAllLinks -->
