<?xml version="1.0" encoding="UTF-8"?>
<!-- Generated by org.testng.reporters.JUnitReportReporter -->
<testsuite hostname="L7KSURYAW" name="com.appdirect.qe.appdirectintegration.tests.SignUpPositive" tests="2" failures="0" timestamp="18 May 2015 20:38:59 GMT" time="73.844" errors="0">
  <testcase name="testAppDirectSignUp" time="37.117" classname="com.appdirect.qe.appdirectintegration.tests.SignUpPositive"/>
  <testcase name="testAppDirectSignUp" time="36.727" classname="com.appdirect.qe.appdirectintegration.tests.SignUpPositive"/>
</testsuite> <!-- com.appdirect.qe.appdirectintegration.tests.SignUpPositive -->
