<?xml version="1.0" encoding="UTF-8"?>
<!-- Generated by org.testng.reporters.JUnitReportReporter -->
<testsuite hostname="L7KSURYAW" name="com.appdirect.qe.appdirectintegration.AppDirectTest" tests="1" failures="0" timestamp="10 May 2015 20:10:15 GMT" time="31.019" errors="0">
  <testcase name="testAppDirectSignUp" time="31.019" classname="com.appdirect.qe.appdirectintegration.AppDirectTest"/>
</testsuite> <!-- com.appdirect.qe.appdirectintegration.AppDirectTest -->
