<?xml version="1.0" encoding="UTF-8"?>
<!-- Generated by org.testng.reporters.JUnitReportReporter -->
<testsuite hostname="L7KSURYAW" name="com.appdirect.qe.appdirectintegration.AppDirectPositive" tests="2" failures="0" timestamp="18 May 2015 03:21:17 GMT" time="38.127" errors="0">
  <testcase name="testAppDirectSignUp" time="5.300" classname="com.appdirect.qe.appdirectintegration.AppDirectPositive"/>
  <testcase name="testAppDirectSignUp" time="32.827" classname="com.appdirect.qe.appdirectintegration.AppDirectPositive"/>
</testsuite> <!-- com.appdirect.qe.appdirectintegration.AppDirectPositive -->
